[2021-07-14T17:07:38.294] [DEBUG] cheese - login => username:admin,password:123456
[2021-07-14T17:07:38.308] [DEBUG] cheese - admin
[2021-07-14T17:07:38.321] [DEBUG] cheese - null
[2021-07-14T17:07:38.322] [DEBUG] cheese - null
[2021-07-15T14:50:28.697] [DEBUG] cheese - login => username:dddd,password:ddddddd
[2021-07-15T14:50:28.698] [DEBUG] cheese - dddd
[2021-07-15T14:50:28.727] [DEBUG] cheese - null
[2021-07-15T14:50:28.727] [DEBUG] cheese - null
[2021-07-15T14:50:34.214] [DEBUG] cheese - login => username:dddd,password:ddddddd
[2021-07-15T14:50:34.214] [DEBUG] cheese - dddd
[2021-07-15T14:50:34.216] [DEBUG] cheese - null
[2021-07-15T14:50:34.217] [DEBUG] cheese - null
[2021-07-15T14:52:39.822] [DEBUG] cheese - login => username:yyy,password:ytryty
[2021-07-15T14:52:39.822] [DEBUG] cheese - yyy
[2021-07-15T14:52:39.827] [DEBUG] cheese - null
[2021-07-15T14:52:39.827] [DEBUG] cheese - null
[2021-07-15T14:54:02.309] [DEBUG] cheese - login => username:gdfggdfg,password:gdgdfgfdg
[2021-07-15T14:54:02.309] [DEBUG] cheese - gdfggdfg
[2021-07-15T14:54:02.312] [DEBUG] cheese - null
[2021-07-15T14:54:02.312] [DEBUG] cheese - null
[2021-07-15T14:57:17.685] [DEBUG] cheese - login => username:nnnn,password:nnnnnnnn
[2021-07-15T14:57:17.685] [DEBUG] cheese - nnnn
[2021-07-15T14:57:17.690] [DEBUG] cheese - null
[2021-07-15T14:57:17.690] [DEBUG] cheese - null
[2021-07-15T14:59:44.750] [DEBUG] cheese - login => username:gfhgfhfgh,password:hfhfghfhfhfghf
[2021-07-15T14:59:44.750] [DEBUG] cheese - gfhgfhfgh
[2021-07-15T14:59:44.754] [DEBUG] cheese - null
[2021-07-15T14:59:44.754] [DEBUG] cheese - null
[2021-07-15T15:06:23.794] [DEBUG] cheese - login => username:tttt,password:tttttt
[2021-07-15T15:06:23.794] [DEBUG] cheese - tttt
[2021-07-15T15:06:23.799] [DEBUG] cheese - null
[2021-07-15T15:06:23.799] [DEBUG] cheese - null
[2021-07-15T15:06:50.568] [DEBUG] cheese - login => username:admin,password:123456
[2021-07-15T15:06:50.568] [DEBUG] cheese - admin
[2021-07-15T15:06:50.572] [DEBUG] cheese - null
[2021-07-15T15:06:50.572] [DEBUG] cheese - null
[2021-07-15T15:12:57.196] [DEBUG] cheese - login => username:admin,password:123456
[2021-07-15T15:12:57.196] [DEBUG] cheese - admin
[2021-07-15T15:12:57.201] [DEBUG] cheese - null
[2021-07-15T15:12:57.201] [DEBUG] cheese - null
[2021-07-15T15:14:42.722] [DEBUG] cheese - login => username:admin,password:123456
[2021-07-15T15:14:42.722] [DEBUG] cheese - admin
[2021-07-15T15:14:42.724] [DEBUG] cheese - null
[2021-07-15T15:14:42.724] [DEBUG] cheese - null
[2021-07-15T15:17:10.020] [DEBUG] cheese - login => username:admin,password:123456
[2021-07-15T15:17:10.020] [DEBUG] cheese - admin
[2021-07-15T15:17:10.025] [DEBUG] cheese - null
[2021-07-15T15:17:10.025] [DEBUG] cheese - null
[2021-07-15T15:25:29.929] [DEBUG] cheese - login => username:admin,password:123456
[2021-07-15T15:25:29.929] [DEBUG] cheese - admin
[2021-07-15T15:25:29.935] [DEBUG] cheese - null
[2021-07-15T15:25:29.935] [DEBUG] cheese - null
[2021-07-15T15:27:21.370] [DEBUG] cheese - login => username:123,password:252252525
[2021-07-15T15:27:21.370] [DEBUG] cheese - 123
[2021-07-15T15:27:21.371] [DEBUG] cheese - null
[2021-07-15T15:27:21.372] [DEBUG] cheese - null
[2021-07-15T15:27:41.377] [DEBUG] cheese - login => username:admin,password:147258
[2021-07-15T15:27:41.377] [DEBUG] cheese - admin
[2021-07-15T15:27:41.380] [DEBUG] cheese - null
[2021-07-15T15:27:41.380] [DEBUG] cheese - null
[2021-07-15T15:44:19.439] [DEBUG] cheese - login => username:admin,password:147258
[2021-07-15T15:44:19.439] [DEBUG] cheese - admin
[2021-07-15T15:44:19.444] [DEBUG] cheese - null
[2021-07-15T15:44:19.444] [DEBUG] cheese - null
[2021-07-15T15:44:24.020] [DEBUG] cheese - login => username:admin,password:123456
[2021-07-15T15:44:24.020] [DEBUG] cheese - admin
[2021-07-15T15:44:24.022] [DEBUG] cheese - null
[2021-07-15T15:44:24.022] [DEBUG] cheese - null
[2021-07-15T15:52:15.232] [DEBUG] cheese - login => username:admin,password:123456
[2021-07-15T15:52:15.232] [DEBUG] cheese - admin
[2021-07-15T15:52:15.236] [DEBUG] cheese - null
[2021-07-15T15:52:15.237] [DEBUG] cheese - null
[2021-07-15T16:27:32.674] [DEBUG] cheese - login => username:admin,password:123456
[2021-07-15T16:27:32.675] [DEBUG] cheese - admin
[2021-07-15T16:27:32.686] [DEBUG] cheese - null
[2021-07-15T16:27:32.686] [DEBUG] cheese - null
[2021-07-15T16:28:12.932] [DEBUG] cheese - login => username:admin,password:123456
[2021-07-15T16:28:12.932] [DEBUG] cheese - admin
[2021-07-15T16:28:12.934] [DEBUG] cheese - null
[2021-07-15T16:28:12.934] [DEBUG] cheese - null
[2021-07-15T18:43:22.481] [DEBUG] cheese - login => username:admin,password:123456
[2021-07-15T18:43:22.482] [DEBUG] cheese - admin
[2021-07-15T18:43:22.491] [DEBUG] cheese - null
[2021-07-15T18:43:22.491] [DEBUG] cheese - null
[2021-07-15T18:45:40.602] [DEBUG] cheese - login => username:admin,password:123456
[2021-07-15T18:45:40.602] [DEBUG] cheese - admin
[2021-07-15T18:45:40.606] [DEBUG] cheese - null
[2021-07-15T18:45:40.606] [DEBUG] cheese - null
[2021-07-15T19:22:24.831] [DEBUG] cheese - login => username:admin,password:123456
[2021-07-15T19:22:24.831] [DEBUG] cheese - admin
[2021-07-15T19:22:24.838] [DEBUG] cheese - null
[2021-07-15T19:22:24.838] [DEBUG] cheese - null
[2021-07-15T19:42:15.305] [DEBUG] cheese - login => username:admin,password:123456
[2021-07-15T19:42:15.305] [DEBUG] cheese - admin
[2021-07-15T19:42:15.310] [DEBUG] cheese - null
[2021-07-15T19:42:15.311] [DEBUG] cheese - null
[2021-07-15T19:44:49.999] [DEBUG] cheese - login => username:admin,password:123456
[2021-07-15T19:44:49.999] [DEBUG] cheese - admin
[2021-07-15T19:44:50.004] [DEBUG] cheese - null
[2021-07-15T19:44:50.004] [DEBUG] cheese - null
[2021-07-15T19:57:23.667] [DEBUG] cheese - login => username:admin,password:123456
[2021-07-15T19:57:23.667] [DEBUG] cheese - admin
[2021-07-15T19:57:23.672] [DEBUG] cheese - null
[2021-07-15T19:57:23.672] [DEBUG] cheese - null
[2021-07-16T09:14:53.719] [DEBUG] cheese - login => username:admin,password:123456
[2021-07-16T09:14:53.720] [DEBUG] cheese - admin
[2021-07-16T09:14:53.743] [DEBUG] cheese - null
[2021-07-16T09:14:53.743] [DEBUG] cheese - null
[2021-07-16T09:15:15.824] [DEBUG] cheese - login => username:admin,password:123456
[2021-07-16T09:15:15.824] [DEBUG] cheese - admin
[2021-07-16T09:15:15.827] [DEBUG] cheese - null
[2021-07-16T09:15:15.827] [DEBUG] cheese - null
[2021-07-16T09:50:33.465] [DEBUG] cheese - login => username:admin,password:123456
[2021-07-16T09:50:33.465] [DEBUG] cheese - admin
[2021-07-16T09:50:33.472] [DEBUG] cheese - null
[2021-07-16T09:50:33.473] [DEBUG] cheese - null
[2021-07-16T09:57:35.623] [DEBUG] cheese - login => username:admin,password:123456
[2021-07-16T09:57:35.623] [DEBUG] cheese - admin
[2021-07-16T09:57:35.626] [DEBUG] cheese - null
[2021-07-16T09:57:35.626] [DEBUG] cheese - null
[2021-07-16T13:49:01.481] [DEBUG] cheese - login => username:admin,password:123456
[2021-07-16T13:49:01.482] [DEBUG] cheese - admin
[2021-07-16T13:49:01.492] [DEBUG] cheese - null
[2021-07-16T13:49:01.493] [DEBUG] cheese - null
[2021-07-16T14:00:37.774] [DEBUG] cheese - login => username:admin,password:123456
[2021-07-16T14:00:37.774] [DEBUG] cheese - admin
[2021-07-16T14:00:37.780] [DEBUG] cheese - null
[2021-07-16T14:00:37.780] [DEBUG] cheese - null
[2021-07-16T14:00:40.358] [DEBUG] cheese - login => username:admin,password:123456
[2021-07-16T14:00:40.358] [DEBUG] cheese - admin
[2021-07-16T14:00:40.361] [DEBUG] cheese - null
[2021-07-16T14:00:40.361] [DEBUG] cheese - null
[2021-07-16T14:02:44.283] [DEBUG] cheese - login => username:admin,password:123456
[2021-07-16T14:02:44.283] [DEBUG] cheese - admin
[2021-07-16T14:02:44.288] [DEBUG] cheese - null
[2021-07-16T14:02:44.289] [DEBUG] cheese - null
[2021-07-16T14:09:59.549] [DEBUG] cheese - login => username:admin,password:123456
[2021-07-16T14:09:59.549] [DEBUG] cheese - admin
[2021-07-16T14:09:59.553] [DEBUG] cheese - null
[2021-07-16T14:09:59.553] [DEBUG] cheese - null
[2021-07-16T14:38:59.042] [DEBUG] cheese - login => username:admin,password:123456
[2021-07-16T14:38:59.042] [DEBUG] cheese - admin
[2021-07-16T14:38:59.045] [DEBUG] cheese - null
[2021-07-16T14:38:59.045] [DEBUG] cheese - null
[2021-07-16T15:51:00.925] [DEBUG] cheese - login => username:admin,password:123456
[2021-07-16T15:51:00.926] [DEBUG] cheese - admin
[2021-07-16T15:51:00.930] [DEBUG] cheese - null
[2021-07-16T15:51:00.930] [DEBUG] cheese - null
